2024-02-08 16:02:07,664 - root - INFO - Namespace(dataset='lfm1m', epoch=30, embed_size=100, batch_size=64, weight_decay=0.0, lr=0.0001, K=10, save_interval=10, margin=1, use_cuda='all', print_every=1, preprocessed_torchkge='data/lfm1m/preprocessed/torchkge', model_type='TransE', weight_dir='pathlm/models/kge_rec/TransE/weight_dir', weight_dir_ckpt='pathlm/models/kge_rec/TransE/weight_dir_ckpt', log_dir='logs/lfm1m/TransE')
2024-02-08 16:02:30,260 - root - INFO - TransE(
  (ent_embeddings): Embedding(22307, 100)
  (rel_embeddings): Embedding(5, 100)
)
2024-02-08 16:02:30,302 - root - INFO - KG Training: Epoch 0000 Iter 0000 / 0030 | Iter Loss 323.9957
2024-02-08 16:02:30,311 - root - INFO - KG Training: Epoch 0000 Iter 0001 / 0030 | Iter Loss 626.9877
2024-02-08 16:02:30,315 - root - INFO - KG Training: Epoch 0000 Iter 0002 / 0030 | Iter Loss 941.9888
2024-02-08 16:02:30,324 - root - INFO - KG Training: Epoch 0000 Iter 0003 / 0030 | Iter Loss 1265.0362
2024-02-08 16:02:30,332 - root - INFO - KG Training: Epoch 0000 Iter 0004 / 0030 | Iter Loss 1579.5421
2024-02-08 16:02:30,340 - root - INFO - KG Training: Epoch 0000 Iter 0005 / 0030 | Iter Loss 1896.7435
2024-02-08 16:02:30,349 - root - INFO - KG Training: Epoch 0000 Iter 0006 / 0030 | Iter Loss 2210.7702
2024-02-08 16:02:30,358 - root - INFO - KG Training: Epoch 0000 Iter 0007 / 0030 | Iter Loss 2527.9190
2024-02-08 16:02:30,366 - root - INFO - KG Training: Epoch 0000 Iter 0008 / 0030 | Iter Loss 2823.5914
2024-02-08 16:02:30,370 - root - INFO - KG Training: Epoch 0000 Iter 0009 / 0030 | Iter Loss 3131.9768
2024-02-08 16:02:30,379 - root - INFO - KG Training: Epoch 0000 Iter 0010 / 0030 | Iter Loss 3458.7485
2024-02-08 16:02:30,387 - root - INFO - KG Training: Epoch 0000 Iter 0011 / 0030 | Iter Loss 3777.6599
2024-02-08 16:02:30,396 - root - INFO - KG Training: Epoch 0000 Iter 0012 / 0030 | Iter Loss 4096.5016
2024-02-08 16:02:30,405 - root - INFO - KG Training: Epoch 0000 Iter 0013 / 0030 | Iter Loss 4409.5551
2024-02-08 16:02:30,413 - root - INFO - KG Training: Epoch 0000 Iter 0014 / 0030 | Iter Loss 4735.9958
2024-02-08 16:02:30,422 - root - INFO - KG Training: Epoch 0000 Iter 0015 / 0030 | Iter Loss 5048.4624
2024-02-08 16:02:30,430 - root - INFO - KG Training: Epoch 0000 Iter 0016 / 0030 | Iter Loss 5378.4736
2024-02-08 16:02:30,439 - root - INFO - KG Training: Epoch 0000 Iter 0017 / 0030 | Iter Loss 5694.7327
2024-02-08 16:02:30,447 - root - INFO - KG Training: Epoch 0000 Iter 0018 / 0030 | Iter Loss 6018.1491
2024-02-08 16:02:30,456 - root - INFO - KG Training: Epoch 0000 Iter 0019 / 0030 | Iter Loss 6336.3083
2024-02-08 16:02:30,467 - root - INFO - KG Training: Epoch 0000 Iter 0020 / 0030 | Iter Loss 6666.8189
2024-02-08 16:02:30,479 - root - INFO - KG Training: Epoch 0000 Iter 0021 / 0030 | Iter Loss 7003.0021
2024-02-08 16:02:30,488 - root - INFO - KG Training: Epoch 0000 Iter 0022 / 0030 | Iter Loss 7332.9684
2024-02-08 16:02:30,497 - root - INFO - KG Training: Epoch 0000 Iter 0023 / 0030 | Iter Loss 7664.4542
2024-02-08 16:02:30,506 - root - INFO - KG Training: Epoch 0000 Iter 0024 / 0030 | Iter Loss 7994.6517
2024-02-08 16:02:30,514 - root - INFO - KG Training: Epoch 0000 Iter 0025 / 0030 | Iter Loss 8316.0740
2024-02-08 16:02:30,522 - root - INFO - KG Training: Epoch 0000 Iter 0026 / 0030 | Iter Loss 8634.4193
2024-02-08 16:02:30,526 - root - INFO - KG Training: Epoch 0000 Iter 0027 / 0030 | Iter Loss 8945.8538
2024-02-08 16:02:30,535 - root - INFO - KG Training: Epoch 0000 Iter 0028 / 0030 | Iter Loss 9249.1912
2024-02-08 16:02:30,545 - root - INFO - KG Training: Epoch 0000 Iter 0029 / 0030 | Iter Loss 9574.7591
2024-02-08 16:02:30,554 - root - INFO - KG Training: Epoch 0000 Iter 0030 / 0030 | Iter Loss 9894.0226
2024-02-08 16:02:30,564 - root - INFO - KG Training: Epoch 0000 Iter 0031 / 0030 | Iter Loss 10187.3449
2024-02-08 16:02:30,572 - root - INFO - KG Training: Epoch 0000 Iter 0032 / 0030 | Iter Loss 10518.3875
2024-02-08 16:02:30,582 - root - INFO - KG Training: Epoch 0000 Iter 0033 / 0030 | Iter Loss 10841.8411
2024-02-08 16:02:30,591 - root - INFO - KG Training: Epoch 0000 Iter 0034 / 0030 | Iter Loss 11161.3809
2024-02-08 16:02:30,601 - root - INFO - KG Training: Epoch 0000 Iter 0035 / 0030 | Iter Loss 11459.5835
2024-02-08 16:02:30,610 - root - INFO - KG Training: Epoch 0000 Iter 0036 / 0030 | Iter Loss 11784.9582
2024-02-08 16:02:30,620 - root - INFO - KG Training: Epoch 0000 Iter 0037 / 0030 | Iter Loss 12085.0203
2024-02-08 16:02:30,625 - root - INFO - KG Training: Epoch 0000 Iter 0038 / 0030 | Iter Loss 12401.7202
2024-02-08 16:02:30,634 - root - INFO - KG Training: Epoch 0000 Iter 0039 / 0030 | Iter Loss 12730.6230
2024-02-08 16:02:30,639 - root - INFO - KG Training: Epoch 0000 Iter 0040 / 0030 | Iter Loss 13054.5867
2024-02-08 16:02:30,644 - root - INFO - KG Training: Epoch 0000 Iter 0041 / 0030 | Iter Loss 13386.9046
2024-02-08 16:02:30,650 - root - INFO - KG Training: Epoch 0000 Iter 0042 / 0030 | Iter Loss 13700.7760
2024-02-08 16:02:30,656 - root - INFO - KG Training: Epoch 0000 Iter 0043 / 0030 | Iter Loss 14020.9494
2024-02-08 16:02:30,661 - root - INFO - KG Training: Epoch 0000 Iter 0044 / 0030 | Iter Loss 14343.5459
2024-02-08 16:02:30,666 - root - INFO - KG Training: Epoch 0000 Iter 0045 / 0030 | Iter Loss 14648.5753
2024-02-08 16:02:30,673 - root - INFO - KG Training: Epoch 0000 Iter 0046 / 0030 | Iter Loss 14991.4269
2024-02-08 16:02:30,680 - root - INFO - KG Training: Epoch 0000 Iter 0047 / 0030 | Iter Loss 15302.2452
2024-02-08 16:02:30,685 - root - INFO - KG Training: Epoch 0000 Iter 0048 / 0030 | Iter Loss 15617.2133
2024-02-08 16:02:30,689 - root - INFO - KG Training: Epoch 0000 Iter 0049 / 0030 | Iter Loss 15939.9610
2024-02-08 16:02:30,694 - root - INFO - KG Training: Epoch 0000 Iter 0050 / 0030 | Iter Loss 16250.7605
2024-02-08 16:02:30,704 - root - INFO - KG Training: Epoch 0000 Iter 0051 / 0030 | Iter Loss 16586.8024
2024-02-08 16:02:30,713 - root - INFO - KG Training: Epoch 0000 Iter 0052 / 0030 | Iter Loss 16917.1299
2024-02-08 16:02:30,723 - root - INFO - KG Training: Epoch 0000 Iter 0053 / 0030 | Iter Loss 17235.3691
2024-02-08 16:02:30,732 - root - INFO - KG Training: Epoch 0000 Iter 0054 / 0030 | Iter Loss 17566.5509
2024-02-08 16:02:30,741 - root - INFO - KG Training: Epoch 0000 Iter 0055 / 0030 | Iter Loss 17900.1962
2024-02-08 16:02:30,750 - root - INFO - KG Training: Epoch 0000 Iter 0056 / 0030 | Iter Loss 18212.8410
2024-02-08 16:02:30,759 - root - INFO - KG Training: Epoch 0000 Iter 0057 / 0030 | Iter Loss 18523.9039
2024-02-08 16:02:30,768 - root - INFO - KG Training: Epoch 0000 Iter 0058 / 0030 | Iter Loss 18828.7592
2024-02-08 16:02:30,773 - root - INFO - KG Training: Epoch 0000 Iter 0059 / 0030 | Iter Loss 19141.5207
2024-02-08 16:02:30,777 - root - INFO - KG Training: Epoch 0000 Iter 0060 / 0030 | Iter Loss 19461.8548
2024-02-08 16:02:30,786 - root - INFO - KG Training: Epoch 0000 Iter 0061 / 0030 | Iter Loss 19774.5747
2024-02-08 16:02:30,795 - root - INFO - KG Training: Epoch 0000 Iter 0062 / 0030 | Iter Loss 20092.7597
2024-02-08 16:02:30,803 - root - INFO - KG Training: Epoch 0000 Iter 0063 / 0030 | Iter Loss 20401.2736
2024-02-08 16:02:30,812 - root - INFO - KG Training: Epoch 0000 Iter 0064 / 0030 | Iter Loss 20716.1998
2024-02-08 16:02:30,821 - root - INFO - KG Training: Epoch 0000 Iter 0065 / 0030 | Iter Loss 21029.0773
2024-02-08 16:02:30,830 - root - INFO - KG Training: Epoch 0000 Iter 0066 / 0030 | Iter Loss 21340.5329
2024-02-08 16:02:30,839 - root - INFO - KG Training: Epoch 0000 Iter 0067 / 0030 | Iter Loss 21663.3150
2024-02-08 16:02:30,848 - root - INFO - KG Training: Epoch 0000 Iter 0068 / 0030 | Iter Loss 21981.7217
2024-02-08 16:02:30,856 - root - INFO - KG Training: Epoch 0000 Iter 0069 / 0030 | Iter Loss 22294.2401
2024-02-08 16:02:30,865 - root - INFO - KG Training: Epoch 0000 Iter 0070 / 0030 | Iter Loss 22610.8286
2024-02-08 16:02:30,873 - root - INFO - KG Training: Epoch 0000 Iter 0071 / 0030 | Iter Loss 22911.0281
2024-02-08 16:02:30,882 - root - INFO - KG Training: Epoch 0000 Iter 0072 / 0030 | Iter Loss 23230.0609
2024-02-08 16:02:30,890 - root - INFO - KG Training: Epoch 0000 Iter 0073 / 0030 | Iter Loss 23562.8356
2024-02-08 16:02:30,899 - root - INFO - KG Training: Epoch 0000 Iter 0074 / 0030 | Iter Loss 23877.3447
2024-02-08 16:02:30,908 - root - INFO - KG Training: Epoch 0000 Iter 0075 / 0030 | Iter Loss 24218.0816
2024-02-08 16:02:30,916 - root - INFO - KG Training: Epoch 0000 Iter 0076 / 0030 | Iter Loss 24521.4668
2024-02-08 16:02:30,925 - root - INFO - KG Training: Epoch 0000 Iter 0077 / 0030 | Iter Loss 24847.3677
2024-02-08 16:02:30,933 - root - INFO - KG Training: Epoch 0000 Iter 0078 / 0030 | Iter Loss 25182.0947
2024-02-08 16:02:30,942 - root - INFO - KG Training: Epoch 0000 Iter 0079 / 0030 | Iter Loss 25519.8555
2024-02-08 16:02:30,951 - root - INFO - KG Training: Epoch 0000 Iter 0080 / 0030 | Iter Loss 25845.9368
2024-02-08 16:02:30,960 - root - INFO - KG Training: Epoch 0000 Iter 0081 / 0030 | Iter Loss 26165.6279
2024-02-08 16:02:30,968 - root - INFO - KG Training: Epoch 0000 Iter 0082 / 0030 | Iter Loss 26470.1429
2024-02-08 16:02:30,972 - root - INFO - KG Training: Epoch 0000 Iter 0083 / 0030 | Iter Loss 26794.9308
2024-02-08 16:02:30,981 - root - INFO - KG Training: Epoch 0000 Iter 0084 / 0030 | Iter Loss 27108.1274
2024-02-08 16:02:30,990 - root - INFO - KG Training: Epoch 0000 Iter 0085 / 0030 | Iter Loss 27450.2696
2024-02-08 16:02:30,994 - root - INFO - KG Training: Epoch 0000 Iter 0086 / 0030 | Iter Loss 27769.8785
2024-02-08 16:02:31,003 - root - INFO - KG Training: Epoch 0000 Iter 0087 / 0030 | Iter Loss 28077.7043
2024-02-08 16:02:31,007 - root - INFO - KG Training: Epoch 0000 Iter 0088 / 0030 | Iter Loss 28382.7734
2024-02-08 16:02:31,016 - root - INFO - KG Training: Epoch 0000 Iter 0089 / 0030 | Iter Loss 28681.1721
2024-02-08 16:02:31,025 - root - INFO - KG Training: Epoch 0000 Iter 0090 / 0030 | Iter Loss 28998.7822
2024-02-08 16:02:31,033 - root - INFO - KG Training: Epoch 0000 Iter 0091 / 0030 | Iter Loss 29310.3029
2024-02-08 16:02:31,042 - root - INFO - KG Training: Epoch 0000 Iter 0092 / 0030 | Iter Loss 29639.7846
2024-02-08 16:02:31,052 - root - INFO - KG Training: Epoch 0000 Iter 0093 / 0030 | Iter Loss 29960.1650
2024-02-08 16:02:31,061 - root - INFO - KG Training: Epoch 0000 Iter 0094 / 0030 | Iter Loss 30261.3446
2024-02-08 16:02:31,070 - root - INFO - KG Training: Epoch 0000 Iter 0095 / 0030 | Iter Loss 30573.1638
2024-02-08 16:02:31,079 - root - INFO - KG Training: Epoch 0000 Iter 0096 / 0030 | Iter Loss 30890.5285
2024-02-08 16:02:31,089 - root - INFO - KG Training: Epoch 0000 Iter 0097 / 0030 | Iter Loss 31194.7027
2024-02-08 16:02:31,093 - root - INFO - KG Training: Epoch 0000 Iter 0098 / 0030 | Iter Loss 31519.7613
2024-02-08 16:02:31,103 - root - INFO - KG Training: Epoch 0000 Iter 0099 / 0030 | Iter Loss 31840.8165
2024-02-08 16:02:31,112 - root - INFO - KG Training: Epoch 0000 Iter 0100 / 0030 | Iter Loss 32155.0122
2024-02-08 16:02:31,120 - root - INFO - KG Training: Epoch 0000 Iter 0101 / 0030 | Iter Loss 32460.9459
2024-02-08 16:02:31,130 - root - INFO - KG Training: Epoch 0000 Iter 0102 / 0030 | Iter Loss 32776.9919
2024-02-08 16:02:31,139 - root - INFO - KG Training: Epoch 0000 Iter 0103 / 0030 | Iter Loss 33090.9687
2024-02-08 16:02:31,149 - root - INFO - KG Training: Epoch 0000 Iter 0104 / 0030 | Iter Loss 33392.0628
2024-02-08 16:02:31,159 - root - INFO - KG Training: Epoch 0000 Iter 0105 / 0030 | Iter Loss 33707.6483
2024-02-08 16:02:31,170 - root - INFO - KG Training: Epoch 0000 Iter 0106 / 0030 | Iter Loss 34035.3870
2024-02-08 16:02:31,179 - root - INFO - KG Training: Epoch 0000 Iter 0107 / 0030 | Iter Loss 34342.8242
2024-02-08 16:02:31,190 - root - INFO - KG Training: Epoch 0000 Iter 0108 / 0030 | Iter Loss 34654.9627
2024-02-08 16:02:31,202 - root - INFO - KG Training: Epoch 0000 Iter 0109 / 0030 | Iter Loss 34978.2163
2024-02-08 16:02:31,208 - root - INFO - KG Training: Epoch 0000 Iter 0110 / 0030 | Iter Loss 35288.5327
2024-02-08 16:02:31,219 - root - INFO - KG Training: Epoch 0000 Iter 0111 / 0030 | Iter Loss 35618.9860
2024-02-08 16:02:31,231 - root - INFO - KG Training: Epoch 0000 Iter 0112 / 0030 | Iter Loss 35939.4730
2024-02-08 16:02:31,236 - root - INFO - KG Training: Epoch 0000 Iter 0113 / 0030 | Iter Loss 36260.6214
2024-02-08 16:02:31,242 - root - INFO - KG Training: Epoch 0000 Iter 0114 / 0030 | Iter Loss 36566.9585
2024-02-08 16:02:31,248 - root - INFO - KG Training: Epoch 0000 Iter 0115 / 0030 | Iter Loss 36865.0232
2024-02-08 16:02:31,253 - root - INFO - KG Training: Epoch 0000 Iter 0116 / 0030 | Iter Loss 37182.6330
2024-02-08 16:02:31,259 - root - INFO - KG Training: Epoch 0000 Iter 0117 / 0030 | Iter Loss 37475.3259
2024-02-08 16:02:31,265 - root - INFO - KG Training: Epoch 0000 Iter 0118 / 0030 | Iter Loss 37782.2571
2024-02-08 16:02:31,273 - root - INFO - KG Training: Epoch 0000 Iter 0119 / 0030 | Iter Loss 38088.9782
2024-02-08 16:02:31,279 - root - INFO - KG Training: Epoch 0000 Iter 0120 / 0030 | Iter Loss 38388.3573
2024-02-08 16:02:31,284 - root - INFO - KG Training: Epoch 0000 Iter 0121 / 0030 | Iter Loss 38691.8755
2024-02-08 16:02:31,289 - root - INFO - KG Training: Epoch 0000 Iter 0122 / 0030 | Iter Loss 38993.0816
2024-02-08 16:02:31,301 - root - INFO - KG Training: Epoch 0000 Iter 0123 / 0030 | Iter Loss 39307.6594
2024-02-08 16:02:31,307 - root - INFO - KG Training: Epoch 0000 Iter 0124 / 0030 | Iter Loss 39625.9153
2024-02-08 16:02:31,321 - root - INFO - KG Training: Epoch 0000 Iter 0125 / 0030 | Iter Loss 39913.1456
2024-02-08 16:02:31,332 - root - INFO - KG Training: Epoch 0000 Iter 0126 / 0030 | Iter Loss 40255.1872
2024-02-08 16:02:31,339 - root - INFO - KG Training: Epoch 0000 Iter 0127 / 0030 | Iter Loss 40563.5641
2024-02-08 16:02:31,345 - root - INFO - KG Training: Epoch 0000 Iter 0128 / 0030 | Iter Loss 40862.7309
2024-02-08 16:02:31,355 - root - INFO - KG Training: Epoch 0000 Iter 0129 / 0030 | Iter Loss 41155.4114
2024-02-08 16:02:31,364 - root - INFO - KG Training: Epoch 0000 Iter 0130 / 0030 | Iter Loss 41462.5211
2024-02-08 16:02:31,374 - root - INFO - KG Training: Epoch 0000 Iter 0131 / 0030 | Iter Loss 41764.0474
2024-02-08 16:02:31,379 - root - INFO - KG Training: Epoch 0000 Iter 0132 / 0030 | Iter Loss 42091.9046
2024-02-08 16:02:31,383 - root - INFO - KG Training: Epoch 0000 Iter 0133 / 0030 | Iter Loss 42406.6075
2024-02-08 16:02:31,388 - root - INFO - KG Training: Epoch 0000 Iter 0134 / 0030 | Iter Loss 42744.7215
2024-02-08 16:02:31,392 - root - INFO - KG Training: Epoch 0000 Iter 0135 / 0030 | Iter Loss 43058.1309
2024-02-08 16:02:31,398 - root - INFO - KG Training: Epoch 0000 Iter 0136 / 0030 | Iter Loss 43385.7139
2024-02-08 16:02:31,407 - root - INFO - KG Training: Epoch 0000 Iter 0137 / 0030 | Iter Loss 43720.8006
2024-02-08 16:02:31,412 - root - INFO - KG Training: Epoch 0000 Iter 0138 / 0030 | Iter Loss 44044.0472
2024-02-08 16:02:31,422 - root - INFO - KG Training: Epoch 0000 Iter 0139 / 0030 | Iter Loss 44350.5260
2024-02-08 16:02:31,426 - root - INFO - KG Training: Epoch 0000 Iter 0140 / 0030 | Iter Loss 44654.7678
2024-02-08 16:02:31,431 - root - INFO - KG Training: Epoch 0000 Iter 0141 / 0030 | Iter Loss 44960.4673
2024-02-08 16:02:31,436 - root - INFO - KG Training: Epoch 0000 Iter 0142 / 0030 | Iter Loss 45264.6059
2024-02-08 16:02:31,446 - root - INFO - KG Training: Epoch 0000 Iter 0143 / 0030 | Iter Loss 45592.8737
2024-02-08 16:02:31,450 - root - INFO - KG Training: Epoch 0000 Iter 0144 / 0030 | Iter Loss 45888.3983
2024-02-08 16:02:31,461 - root - INFO - KG Training: Epoch 0000 Iter 0145 / 0030 | Iter Loss 46193.5631
2024-02-08 16:02:31,468 - root - INFO - KG Training: Epoch 0000 Iter 0146 / 0030 | Iter Loss 46518.3770
2024-02-08 16:02:31,481 - root - INFO - KG Training: Epoch 0000 Iter 0147 / 0030 | Iter Loss 46843.8829
2024-02-08 16:02:31,487 - root - INFO - KG Training: Epoch 0000 Iter 0148 / 0030 | Iter Loss 47152.3010
2024-02-08 16:02:31,492 - root - INFO - KG Training: Epoch 0000 Iter 0149 / 0030 | Iter Loss 47474.0120
2024-02-08 16:02:31,498 - root - INFO - KG Training: Epoch 0000 Iter 0150 / 0030 | Iter Loss 47804.7104
2024-02-08 16:02:31,503 - root - INFO - KG Training: Epoch 0000 Iter 0151 / 0030 | Iter Loss 48104.6054
2024-02-08 16:02:31,514 - root - INFO - KG Training: Epoch 0000 Iter 0152 / 0030 | Iter Loss 48411.7482
2024-02-08 16:02:31,520 - root - INFO - KG Training: Epoch 0000 Iter 0153 / 0030 | Iter Loss 48737.9675
2024-02-08 16:02:31,526 - root - INFO - KG Training: Epoch 0000 Iter 0154 / 0030 | Iter Loss 49025.5951
2024-02-08 16:02:31,536 - root - INFO - KG Training: Epoch 0000 Iter 0155 / 0030 | Iter Loss 49334.1444
2024-02-08 16:02:31,541 - root - INFO - KG Training: Epoch 0000 Iter 0156 / 0030 | Iter Loss 49637.3373
2024-02-08 16:02:31,547 - root - INFO - KG Training: Epoch 0000 Iter 0157 / 0030 | Iter Loss 49945.5503
2024-02-08 16:02:31,553 - root - INFO - KG Training: Epoch 0000 Iter 0158 / 0030 | Iter Loss 50253.5273
2024-02-08 16:02:31,557 - root - INFO - KG Training: Epoch 0000 Iter 0159 / 0030 | Iter Loss 50562.0935
2024-02-08 16:02:31,562 - root - INFO - KG Training: Epoch 0000 Iter 0160 / 0030 | Iter Loss 50843.7736
2024-02-08 16:02:31,572 - root - INFO - KG Training: Epoch 0000 Iter 0161 / 0030 | Iter Loss 51149.1103
2024-02-08 16:02:31,581 - root - INFO - KG Training: Epoch 0000 Iter 0162 / 0030 | Iter Loss 51446.7211
2024-02-08 16:02:31,591 - root - INFO - KG Training: Epoch 0000 Iter 0163 / 0030 | Iter Loss 51760.1025
2024-02-08 16:02:31,596 - root - INFO - KG Training: Epoch 0000 Iter 0164 / 0030 | Iter Loss 52057.7731
2024-02-08 16:02:31,605 - root - INFO - KG Training: Epoch 0000 Iter 0165 / 0030 | Iter Loss 52373.7698
2024-02-08 16:02:31,610 - root - INFO - KG Training: Epoch 0000 Iter 0166 / 0030 | Iter Loss 52678.4086
2024-02-08 16:02:31,620 - root - INFO - KG Training: Epoch 0000 Iter 0167 / 0030 | Iter Loss 52991.6636
2024-02-08 16:02:31,629 - root - INFO - KG Training: Epoch 0000 Iter 0168 / 0030 | Iter Loss 53306.7610
2024-02-08 16:02:31,634 - root - INFO - KG Training: Epoch 0000 Iter 0169 / 0030 | Iter Loss 53618.9800
2024-02-08 16:02:31,639 - root - INFO - KG Training: Epoch 0000 Iter 0170 / 0030 | Iter Loss 53925.3676
2024-02-08 16:02:31,649 - root - INFO - KG Training: Epoch 0000 Iter 0171 / 0030 | Iter Loss 54226.3707
2024-02-08 16:02:31,657 - root - INFO - KG Training: Epoch 0000 Iter 0172 / 0030 | Iter Loss 54525.2218
2024-02-08 16:02:31,666 - root - INFO - KG Training: Epoch 0000 Iter 0173 / 0030 | Iter Loss 54844.5497
2024-02-08 16:02:31,676 - root - INFO - KG Training: Epoch 0000 Iter 0174 / 0030 | Iter Loss 55148.2518
2024-02-08 16:02:31,685 - root - INFO - KG Training: Epoch 0000 Iter 0175 / 0030 | Iter Loss 55468.3944
2024-02-08 16:02:31,695 - root - INFO - KG Training: Epoch 0000 Iter 0176 / 0030 | Iter Loss 55762.0596
2024-02-08 16:02:31,705 - root - INFO - KG Training: Epoch 0000 Iter 0177 / 0030 | Iter Loss 56062.5913
2024-02-08 16:02:31,715 - root - INFO - KG Training: Epoch 0000 Iter 0178 / 0030 | Iter Loss 56375.7288
2024-02-08 16:02:31,719 - root - INFO - KG Training: Epoch 0000 Iter 0179 / 0030 | Iter Loss 56689.2807
2024-02-08 16:02:31,724 - root - INFO - KG Training: Epoch 0000 Iter 0180 / 0030 | Iter Loss 57004.0888
2024-02-08 16:02:31,728 - root - INFO - KG Training: Epoch 0000 Iter 0181 / 0030 | Iter Loss 57308.3976
2024-02-08 16:02:31,738 - root - INFO - KG Training: Epoch 0000 Iter 0182 / 0030 | Iter Loss 57615.0512
2024-02-08 16:02:31,743 - root - INFO - KG Training: Epoch 0000 Iter 0183 / 0030 | Iter Loss 57914.7282
2024-02-08 16:02:31,748 - root - INFO - KG Training: Epoch 0000 Iter 0184 / 0030 | Iter Loss 58215.6962
2024-02-08 16:02:31,752 - root - INFO - KG Training: Epoch 0000 Iter 0185 / 0030 | Iter Loss 58534.0356
2024-02-08 16:02:31,756 - root - INFO - KG Training: Epoch 0000 Iter 0186 / 0030 | Iter Loss 58834.4838
2024-02-08 16:02:31,760 - root - INFO - KG Training: Epoch 0000 Iter 0187 / 0030 | Iter Loss 59127.3785
2024-02-08 16:02:31,765 - root - INFO - KG Training: Epoch 0000 Iter 0188 / 0030 | Iter Loss 59429.7326
2024-02-08 16:02:31,769 - root - INFO - KG Training: Epoch 0000 Iter 0189 / 0030 | Iter Loss 59727.5392
2024-02-08 16:02:31,773 - root - INFO - KG Training: Epoch 0000 Iter 0190 / 0030 | Iter Loss 60032.3514
2024-02-08 16:02:31,777 - root - INFO - KG Training: Epoch 0000 Iter 0191 / 0030 | Iter Loss 60339.9903
2024-02-08 16:02:31,782 - root - INFO - KG Training: Epoch 0000 Iter 0192 / 0030 | Iter Loss 60647.9914
2024-02-08 16:02:31,786 - root - INFO - KG Training: Epoch 0000 Iter 0193 / 0030 | Iter Loss 60946.4599
2024-02-08 16:02:31,790 - root - INFO - KG Training: Epoch 0000 Iter 0194 / 0030 | Iter Loss 61256.0536
2024-02-08 16:02:31,794 - root - INFO - KG Training: Epoch 0000 Iter 0195 / 0030 | Iter Loss 61582.8468
2024-02-08 16:02:31,798 - root - INFO - KG Training: Epoch 0000 Iter 0196 / 0030 | Iter Loss 61882.4612
2024-02-08 16:02:31,803 - root - INFO - KG Training: Epoch 0000 Iter 0197 / 0030 | Iter Loss 62201.0195
2024-02-08 16:02:31,807 - root - INFO - KG Training: Epoch 0000 Iter 0198 / 0030 | Iter Loss 62512.3157
2024-02-08 16:02:31,811 - root - INFO - KG Training: Epoch 0000 Iter 0199 / 0030 | Iter Loss 62837.8873
2024-02-08 16:02:31,815 - root - INFO - KG Training: Epoch 0000 Iter 0200 / 0030 | Iter Loss 63138.3407
2024-02-08 16:02:31,819 - root - INFO - KG Training: Epoch 0000 Iter 0201 / 0030 | Iter Loss 63465.8237
2024-02-08 16:02:31,823 - root - INFO - KG Training: Epoch 0000 Iter 0202 / 0030 | Iter Loss 63786.2487
2024-02-08 16:02:31,827 - root - INFO - KG Training: Epoch 0000 Iter 0203 / 0030 | Iter Loss 64120.6275
2024-02-08 16:02:31,832 - root - INFO - KG Training: Epoch 0000 Iter 0204 / 0030 | Iter Loss 64445.0137
2024-02-08 16:02:31,836 - root - INFO - KG Training: Epoch 0000 Iter 0205 / 0030 | Iter Loss 64779.8260
2024-02-08 16:02:31,840 - root - INFO - KG Training: Epoch 0000 Iter 0206 / 0030 | Iter Loss 65095.7162
2024-02-08 16:02:31,845 - root - INFO - KG Training: Epoch 0000 Iter 0207 / 0030 | Iter Loss 65423.3527
2024-02-08 16:02:31,849 - root - INFO - KG Training: Epoch 0000 Iter 0208 / 0030 | Iter Loss 65735.0216
2024-02-08 16:02:31,853 - root - INFO - KG Training: Epoch 0000 Iter 0209 / 0030 | Iter Loss 66050.3911
2024-02-08 16:02:31,858 - root - INFO - KG Training: Epoch 0000 Iter 0210 / 0030 | Iter Loss 66375.3764
2024-02-08 16:02:31,864 - root - INFO - KG Training: Epoch 0000 Iter 0211 / 0030 | Iter Loss 66700.9608
2024-02-08 16:02:31,870 - root - INFO - KG Training: Epoch 0000 Iter 0212 / 0030 | Iter Loss 67009.0388
2024-02-08 16:02:31,878 - root - INFO - KG Training: Epoch 0000 Iter 0213 / 0030 | Iter Loss 67330.6549
2024-02-08 16:02:31,883 - root - INFO - KG Training: Epoch 0000 Iter 0214 / 0030 | Iter Loss 67644.5995
2024-02-08 16:02:31,887 - root - INFO - KG Training: Epoch 0000 Iter 0215 / 0030 | Iter Loss 67966.0595
2024-02-08 16:02:31,892 - root - INFO - KG Training: Epoch 0000 Iter 0216 / 0030 | Iter Loss 68273.0528
2024-02-08 16:02:31,896 - root - INFO - KG Training: Epoch 0000 Iter 0217 / 0030 | Iter Loss 68603.5675
2024-02-08 16:02:31,900 - root - INFO - KG Training: Epoch 0000 Iter 0218 / 0030 | Iter Loss 68901.4089
2024-02-08 16:02:31,905 - root - INFO - KG Training: Epoch 0000 Iter 0219 / 0030 | Iter Loss 69204.7061
2024-02-08 16:02:31,909 - root - INFO - KG Training: Epoch 0000 Iter 0220 / 0030 | Iter Loss 69518.0724
2024-02-08 16:02:31,913 - root - INFO - KG Training: Epoch 0000 Iter 0221 / 0030 | Iter Loss 69831.7957
2024-02-08 16:02:31,917 - root - INFO - KG Training: Epoch 0000 Iter 0222 / 0030 | Iter Loss 70143.0630
2024-02-08 16:02:31,921 - root - INFO - KG Training: Epoch 0000 Iter 0223 / 0030 | Iter Loss 70464.6321
2024-02-08 16:02:31,926 - root - INFO - KG Training: Epoch 0000 Iter 0224 / 0030 | Iter Loss 70773.7108
2024-02-08 16:02:31,930 - root - INFO - KG Training: Epoch 0000 Iter 0225 / 0030 | Iter Loss 71094.1373
2024-02-08 16:02:31,935 - root - INFO - KG Training: Epoch 0000 Iter 0226 / 0030 | Iter Loss 71423.1874
2024-02-08 16:02:31,939 - root - INFO - KG Training: Epoch 0000 Iter 0227 / 0030 | Iter Loss 71739.4441
2024-02-08 16:02:31,943 - root - INFO - KG Training: Epoch 0000 Iter 0228 / 0030 | Iter Loss 72076.6572
2024-02-08 16:02:31,947 - root - INFO - KG Training: Epoch 0000 Iter 0229 / 0030 | Iter Loss 72376.0684
2024-02-08 16:02:31,952 - root - INFO - KG Training: Epoch 0000 Iter 0230 / 0030 | Iter Loss 72719.2264
2024-02-08 16:02:31,956 - root - INFO - KG Training: Epoch 0000 Iter 0231 / 0030 | Iter Loss 73052.8937
2024-02-08 16:02:31,960 - root - INFO - KG Training: Epoch 0000 Iter 0232 / 0030 | Iter Loss 73364.7132
2024-02-08 16:02:31,965 - root - INFO - KG Training: Epoch 0000 Iter 0233 / 0030 | Iter Loss 73694.6174
2024-02-08 16:02:31,969 - root - INFO - KG Training: Epoch 0000 Iter 0234 / 0030 | Iter Loss 74019.2032
2024-02-08 16:02:31,973 - root - INFO - KG Training: Epoch 0000 Iter 0235 / 0030 | Iter Loss 74328.5392
2024-02-08 16:02:31,978 - root - INFO - KG Training: Epoch 0000 Iter 0236 / 0030 | Iter Loss 74639.5529
2024-02-08 16:02:31,982 - root - INFO - KG Training: Epoch 0000 Iter 0237 / 0030 | Iter Loss 74968.9671
2024-02-08 16:02:31,987 - root - INFO - KG Training: Epoch 0000 Iter 0238 / 0030 | Iter Loss 75271.7607
2024-02-08 16:02:31,991 - root - INFO - KG Training: Epoch 0000 Iter 0239 / 0030 | Iter Loss 75592.6011
2024-02-08 16:02:31,996 - root - INFO - KG Training: Epoch 0000 Iter 0240 / 0030 | Iter Loss 75896.5425
2024-02-08 16:02:32,007 - root - INFO - KG Training: Epoch 0000 Iter 0241 / 0030 | Iter Loss 76195.3561
2024-02-08 16:02:32,016 - root - INFO - KG Training: Epoch 0000 Iter 0242 / 0030 | Iter Loss 76536.0579
2024-02-08 16:02:32,026 - root - INFO - KG Training: Epoch 0000 Iter 0243 / 0030 | Iter Loss 76864.8932
2024-02-08 16:02:32,031 - root - INFO - KG Training: Epoch 0000 Iter 0244 / 0030 | Iter Loss 77173.4639
2024-02-08 16:02:32,035 - root - INFO - KG Training: Epoch 0000 Iter 0245 / 0030 | Iter Loss 77486.6242
2024-02-08 16:02:32,040 - root - INFO - KG Training: Epoch 0000 Iter 0246 / 0030 | Iter Loss 77801.0986
2024-02-08 16:02:32,044 - root - INFO - KG Training: Epoch 0000 Iter 0247 / 0030 | Iter Loss 78112.6599
2024-02-08 16:02:32,048 - root - INFO - KG Training: Epoch 0000 Iter 0248 / 0030 | Iter Loss 78418.8874
2024-02-08 16:02:32,052 - root - INFO - KG Training: Epoch 0000 Iter 0249 / 0030 | Iter Loss 78742.9552
2024-02-08 16:02:32,057 - root - INFO - KG Training: Epoch 0000 Iter 0250 / 0030 | Iter Loss 79065.2293
2024-02-08 16:02:32,062 - root - INFO - KG Training: Epoch 0000 Iter 0251 / 0030 | Iter Loss 79390.8433
2024-02-08 16:02:32,073 - root - INFO - KG Training: Epoch 0000 Iter 0252 / 0030 | Iter Loss 79700.2730
2024-02-08 16:02:32,082 - root - INFO - KG Training: Epoch 0000 Iter 0253 / 0030 | Iter Loss 80015.0956
2024-02-08 16:02:32,092 - root - INFO - KG Training: Epoch 0000 Iter 0254 / 0030 | Iter Loss 80327.1135
2024-02-08 16:02:32,102 - root - INFO - KG Training: Epoch 0000 Iter 0255 / 0030 | Iter Loss 80638.1529
2024-02-08 16:02:32,112 - root - INFO - KG Training: Epoch 0000 Iter 0256 / 0030 | Iter Loss 80935.4770
2024-02-08 16:02:32,121 - root - INFO - KG Training: Epoch 0000 Iter 0257 / 0030 | Iter Loss 81266.0080
2024-02-08 16:02:32,131 - root - INFO - KG Training: Epoch 0000 Iter 0258 / 0030 | Iter Loss 81574.3356
2024-02-08 16:02:32,135 - root - INFO - KG Training: Epoch 0000 Iter 0259 / 0030 | Iter Loss 81885.7959
2024-02-08 16:02:32,145 - root - INFO - KG Training: Epoch 0000 Iter 0260 / 0030 | Iter Loss 82208.0163
2024-02-08 16:02:32,155 - root - INFO - KG Training: Epoch 0000 Iter 0261 / 0030 | Iter Loss 82551.4638
2024-02-08 16:02:32,164 - root - INFO - KG Training: Epoch 0000 Iter 0262 / 0030 | Iter Loss 82907.6389
2024-02-08 16:02:32,173 - root - INFO - KG Training: Epoch 0000 Iter 0263 / 0030 | Iter Loss 83251.9301
2024-02-08 16:02:32,178 - root - INFO - KG Training: Epoch 0000 Iter 0264 / 0030 | Iter Loss 83593.9388
2024-02-08 16:02:32,182 - root - INFO - KG Training: Epoch 0000 Iter 0265 / 0030 | Iter Loss 83953.5996
2024-02-08 16:02:32,186 - root - INFO - KG Training: Epoch 0000 Iter 0266 / 0030 | Iter Loss 84290.2012
2024-02-08 16:02:32,189 - root - INFO - KG Training: Epoch 0000 Iter 0267 / 0030 | Iter Loss 84591.1547
2024-02-08 16:02:32,199 - root - INFO - KG Training: Epoch 0000 Iter 0268 / 0030 | Iter Loss 84897.3302
2024-02-08 16:02:32,211 - root - INFO - KG Training: Epoch 0000 Iter 0269 / 0030 | Iter Loss 85225.3002
2024-02-08 16:02:32,218 - root - INFO - KG Training: Epoch 0000 Iter 0270 / 0030 | Iter Loss 85571.3284
2024-02-08 16:02:32,229 - root - INFO - KG Training: Epoch 0000 Iter 0271 / 0030 | Iter Loss 85913.0881
2024-02-08 16:02:32,248 - root - INFO - KG Training: Epoch 0000 Iter 0272 / 0030 | Iter Loss 86261.5992
2024-02-08 16:02:32,255 - root - INFO - KG Training: Epoch 0000 Iter 0273 / 0030 | Iter Loss 86598.3343
2024-02-08 16:02:32,265 - root - INFO - KG Training: Epoch 0000 Iter 0274 / 0030 | Iter Loss 86891.3839
2024-02-08 16:02:32,270 - root - INFO - KG Training: Epoch 0000 Iter 0275 / 0030 | Iter Loss 87199.6463
2024-02-08 16:02:32,280 - root - INFO - KG Training: Epoch 0000 Iter 0276 / 0030 | Iter Loss 87506.3265
2024-02-08 16:02:32,289 - root - INFO - KG Training: Epoch 0000 Iter 0277 / 0030 | Iter Loss 87834.6804
2024-02-08 16:02:32,294 - root - INFO - KG Training: Epoch 0000 Iter 0278 / 0030 | Iter Loss 88134.2613
2024-02-08 16:02:32,298 - root - INFO - KG Training: Epoch 0000 Iter 0279 / 0030 | Iter Loss 88460.3538
2024-02-08 16:02:32,303 - root - INFO - KG Training: Epoch 0000 Iter 0280 / 0030 | Iter Loss 88766.6704
2024-02-08 16:02:32,307 - root - INFO - KG Training: Epoch 0000 Iter 0281 / 0030 | Iter Loss 89060.8717
2024-02-08 16:02:32,311 - root - INFO - KG Training: Epoch 0000 Iter 0282 / 0030 | Iter Loss 89365.8447
2024-02-08 16:02:32,316 - root - INFO - KG Training: Epoch 0000 Iter 0283 / 0030 | Iter Loss 89674.4452
2024-02-08 16:02:32,320 - root - INFO - KG Training: Epoch 0000 Iter 0284 / 0030 | Iter Loss 90004.3272
2024-02-08 16:02:32,329 - root - INFO - KG Training: Epoch 0000 Iter 0285 / 0030 | Iter Loss 90289.0344
2024-02-08 16:02:32,333 - root - INFO - KG Training: Epoch 0000 Iter 0286 / 0030 | Iter Loss 90578.8346
2024-02-08 16:02:32,346 - root - INFO - KG Training: Epoch 0000 Iter 0287 / 0030 | Iter Loss 90864.6646
2024-02-08 16:02:32,350 - root - INFO - KG Training: Epoch 0000 Iter 0288 / 0030 | Iter Loss 91167.8994
2024-02-08 16:02:32,360 - root - INFO - KG Training: Epoch 0000 Iter 0289 / 0030 | Iter Loss 91480.4247
2024-02-08 16:02:32,369 - root - INFO - KG Training: Epoch 0000 Iter 0290 / 0030 | Iter Loss 91783.8154
2024-02-08 16:02:32,379 - root - INFO - KG Training: Epoch 0000 Iter 0291 / 0030 | Iter Loss 92088.2603
2024-02-08 16:02:32,387 - root - INFO - KG Training: Epoch 0000 Iter 0292 / 0030 | Iter Loss 92402.4047
2024-02-08 16:02:32,391 - root - INFO - KG Training: Epoch 0000 Iter 0293 / 0030 | Iter Loss 92706.2833
2024-02-08 16:02:32,400 - root - INFO - KG Training: Epoch 0000 Iter 0294 / 0030 | Iter Loss 93015.3760
2024-02-08 16:02:32,410 - root - INFO - KG Training: Epoch 0000 Iter 0295 / 0030 | Iter Loss 93327.3931
2024-02-08 16:02:32,419 - root - INFO - KG Training: Epoch 0000 Iter 0296 / 0030 | Iter Loss 93654.4839
2024-02-08 16:02:32,428 - root - INFO - KG Training: Epoch 0000 Iter 0297 / 0030 | Iter Loss 93957.8799
2024-02-08 16:02:32,437 - root - INFO - KG Training: Epoch 0000 Iter 0298 / 0030 | Iter Loss 94260.3508
2024-02-08 16:02:32,446 - root - INFO - KG Training: Epoch 0000 Iter 0299 / 0030 | Iter Loss 94594.1489
2024-02-08 16:02:32,455 - root - INFO - KG Training: Epoch 0000 Iter 0300 / 0030 | Iter Loss 94876.9084
2024-02-08 16:02:32,467 - root - INFO - KG Training: Epoch 0000 Iter 0301 / 0030 | Iter Loss 95188.8454
2024-02-08 16:02:32,474 - root - INFO - KG Training: Epoch 0000 Iter 0302 / 0030 | Iter Loss 95508.7557
2024-02-08 16:02:32,479 - root - INFO - KG Training: Epoch 0000 Iter 0303 / 0030 | Iter Loss 95814.0834
2024-02-08 16:02:32,487 - root - INFO - KG Training: Epoch 0000 Iter 0304 / 0030 | Iter Loss 96131.9473
2024-02-08 16:02:32,496 - root - INFO - KG Training: Epoch 0000 Iter 0305 / 0030 | Iter Loss 96440.2019
2024-02-08 16:02:32,505 - root - INFO - KG Training: Epoch 0000 Iter 0306 / 0030 | Iter Loss 96739.9919
2024-02-08 16:02:32,514 - root - INFO - KG Training: Epoch 0000 Iter 0307 / 0030 | Iter Loss 97021.4780
2024-02-08 16:02:32,519 - root - INFO - KG Training: Epoch 0000 Iter 0308 / 0030 | Iter Loss 97306.3582
2024-02-08 16:02:32,528 - root - INFO - KG Training: Epoch 0000 Iter 0309 / 0030 | Iter Loss 97610.2343
2024-02-08 16:02:32,536 - root - INFO - KG Training: Epoch 0000 Iter 0310 / 0030 | Iter Loss 97881.4312
2024-02-08 16:02:32,546 - root - INFO - KG Training: Epoch 0000 Iter 0311 / 0030 | Iter Loss 98186.2667
2024-02-08 16:02:32,555 - root - INFO - KG Training: Epoch 0000 Iter 0312 / 0030 | Iter Loss 98459.7732
2024-02-08 16:02:32,563 - root - INFO - KG Training: Epoch 0000 Iter 0313 / 0030 | Iter Loss 98738.7609
2024-02-08 16:02:32,572 - root - INFO - KG Training: Epoch 0000 Iter 0314 / 0030 | Iter Loss 99015.1241
2024-02-08 16:02:32,581 - root - INFO - KG Training: Epoch 0000 Iter 0315 / 0030 | Iter Loss 99297.5783
2024-02-08 16:02:32,589 - root - INFO - KG Training: Epoch 0000 Iter 0316 / 0030 | Iter Loss 99600.2406
2024-02-08 16:02:32,598 - root - INFO - KG Training: Epoch 0000 Iter 0317 / 0030 | Iter Loss 99889.2736
2024-02-08 16:02:32,602 - root - INFO - KG Training: Epoch 0000 Iter 0318 / 0030 | Iter Loss 100186.7285
2024-02-08 16:02:32,611 - root - INFO - KG Training: Epoch 0000 Iter 0319 / 0030 | Iter Loss 100470.9662
2024-02-08 16:02:32,620 - root - INFO - KG Training: Epoch 0000 Iter 0320 / 0030 | Iter Loss 100748.9183
2024-02-08 16:02:32,629 - root - INFO - KG Training: Epoch 0000 Iter 0321 / 0030 | Iter Loss 101011.5758
2024-02-08 16:02:32,638 - root - INFO - KG Training: Epoch 0000 Iter 0322 / 0030 | Iter Loss 101278.1444
2024-02-08 16:02:32,646 - root - INFO - KG Training: Epoch 0000 Iter 0323 / 0030 | Iter Loss 101544.3451
2024-02-08 16:02:32,655 - root - INFO - KG Training: Epoch 0000 Iter 0324 / 0030 | Iter Loss 101809.4039
2024-02-08 16:02:32,664 - root - INFO - KG Training: Epoch 0000 Iter 0325 / 0030 | Iter Loss 102077.3151
2024-02-08 16:02:32,673 - root - INFO - KG Training: Epoch 0000 Iter 0326 / 0030 | Iter Loss 102362.6853
2024-02-08 16:02:32,682 - root - INFO - KG Training: Epoch 0000 Iter 0327 / 0030 | Iter Loss 102650.9555
2024-02-08 16:02:32,691 - root - INFO - KG Training: Epoch 0000 Iter 0328 / 0030 | Iter Loss 102944.5629
2024-02-08 16:02:32,695 - root - INFO - KG Training: Epoch 0000 Iter 0329 / 0030 | Iter Loss 103222.3190
2024-02-08 16:02:32,703 - root - INFO - KG Training: Epoch 0000 Iter 0330 / 0030 | Iter Loss 103498.9071
2024-02-08 16:02:32,712 - root - INFO - KG Training: Epoch 0000 Iter 0331 / 0030 | Iter Loss 103770.1488
2024-02-08 16:02:32,720 - root - INFO - KG Training: Epoch 0000 Iter 0332 / 0030 | Iter Loss 104048.3791
2024-02-08 16:02:32,729 - root - INFO - KG Training: Epoch 0000 Iter 0333 / 0030 | Iter Loss 104303.3671
2024-02-08 16:02:32,737 - root - INFO - KG Training: Epoch 0000 Iter 0334 / 0030 | Iter Loss 104577.1734
2024-02-08 16:02:32,746 - root - INFO - KG Training: Epoch 0000 Iter 0335 / 0030 | Iter Loss 104833.6653
